2026-04-07 17:29:13 | Google | PING : UP | HTTPS : 200 | 324ms
2026-04-07 17:29:14 | GitHub | PING : UP | HTTPS : 200 | 483ms
2026-04-07 17:29:15 | YouTube | PING : UP | HTTPS : 200 | 433ms
2026-04-07 17:29:15 | MangaDex | PING : UP | HTTPS : 200 | 443ms
2026-04-07 17:29:27 | Google | PING : UP | HTTPS : 200 | 334ms
2026-04-07 17:29:28 | GitHub | PING : UP | HTTPS : 200 | 487ms
2026-04-07 17:29:29 | YouTube | PING : UP | HTTPS : 200 | 410ms
2026-04-07 17:29:29 | MangaDex | PING : UP | HTTPS : 200 | 446ms
2026-04-07 17:31:50 | Google | PING : DOWN | HTTPS : 200 | 350ms
2026-04-07 17:31:50 | GitHub | PING : DOWN | HTTPS : 200 | 341ms
2026-04-07 17:31:51 | YouTube | PING : DOWN | HTTPS : 200 | 420ms
2026-04-07 17:31:52 | MangaDex | PING : DOWN | HTTPS : 200 | 493ms
2026-04-07 17:33:02 | Google | PING : DOWN | HTTPS : 200 | 307ms
2026-04-07 17:33:02 | GitHub | PING : DOWN | HTTPS : 200 | 320ms
2026-04-07 17:33:03 | YouTube | PING : DOWN | HTTPS : 200 | 409ms
2026-04-07 17:33:04 | MangaDex | PING : DOWN | HTTPS : 200 | 473ms
2026-04-07 17:33:08 | Google | PING : DOWN | HTTPS : 200 | 560ms
2026-04-07 17:33:09 | GitHub | PING : DOWN | HTTPS : 200 | 302ms
2026-04-07 17:33:09 | YouTube | PING : DOWN | HTTPS : 200 | 383ms
2026-04-07 17:33:10 | MangaDex | PING : DOWN | HTTPS : 200 | 477ms
2026-04-07 17:40:41 | Google | PING : DOWN | HTTPS : 200 | 351ms
2026-04-07 17:40:42 | GitHub | PING : DOWN | HTTPS : 200 | 321ms
2026-04-07 17:40:43 | YouTube | PING : DOWN | HTTPS : 200 | 468ms
2026-04-07 17:40:43 | MangaDex | PING : DOWN | HTTPS : 200 | 457ms
